<?xml version="1.0" encoding="UTF-8"?>
<testsuite name="com.example.boilerplate.BoilerplateApplicationTests" tests="1" skipped="0" failures="0" errors="0" timestamp="2023-06-07T15:59:45" hostname="ADMIN" time="0.27">
  <properties/>
  <testcase name="contextLoads()" classname="com.example.boilerplate.BoilerplateApplicationTests" time="0.27"/>
  <system-out><![CDATA[21:29:36.650 [Test worker] DEBUG org.springframework.test.context.BootstrapUtils - Instantiating CacheAwareContextLoaderDelegate from class [org.springframework.test.context.cache.DefaultCacheAwareContextLoaderDelegate]
21:29:36.672 [Test worker] DEBUG org.springframework.test.context.BootstrapUtils - Instantiating BootstrapContext using constructor [public org.springframework.test.context.support.DefaultBootstrapContext(java.lang.Class,org.springframework.test.context.CacheAwareContextLoaderDelegate)]
21:29:36.740 [Test worker] DEBUG org.springframework.test.context.BootstrapUtils - Instantiating TestContextBootstrapper for test class [com.example.boilerplate.BoilerplateApplicationTests] from class [org.springframework.boot.test.context.SpringBootTestContextBootstrapper]
21:29:36.758 [Test worker] INFO org.springframework.boot.test.context.SpringBootTestContextBootstrapper - Neither @ContextConfiguration nor @ContextHierarchy found for test class [com.example.boilerplate.BoilerplateApplicationTests], using SpringBootContextLoader
21:29:36.764 [Test worker] DEBUG org.springframework.test.context.support.AbstractContextLoader - Did not detect default resource location for test class [com.example.boilerplate.BoilerplateApplicationTests]: class path resource [com/example/boilerplate/BoilerplateApplicationTests-context.xml] does not exist
21:29:36.765 [Test worker] DEBUG org.springframework.test.context.support.AbstractContextLoader - Did not detect default resource location for test class [com.example.boilerplate.BoilerplateApplicationTests]: class path resource [com/example/boilerplate/BoilerplateApplicationTestsContext.groovy] does not exist
21:29:36.766 [Test worker] INFO org.springframework.test.context.support.AbstractContextLoader - Could not detect default resource locations for test class [com.example.boilerplate.BoilerplateApplicationTests]: no resource found for suffixes {-context.xml, Context.groovy}.
21:29:36.767 [Test worker] INFO org.springframework.test.context.support.AnnotationConfigContextLoaderUtils - Could not detect default configuration classes for test class [com.example.boilerplate.BoilerplateApplicationTests]: BoilerplateApplicationTests does not declare any static, non-private, non-final, nested classes annotated with @Configuration.
21:29:36.826 [Test worker] DEBUG org.springframework.test.context.support.ActiveProfilesUtils - Could not find an 'annotation declaring class' for annotation type [org.springframework.test.context.ActiveProfiles] and class [com.example.boilerplate.BoilerplateApplicationTests]
21:29:36.918 [Test worker] DEBUG org.springframework.context.annotation.ClassPathScanningCandidateComponentProvider - Identified candidate component class: file [E:\github\P0001-React-Spring-boot-MySQL-Boilerplate\build\classes\java\main\com\example\boilerplate\BoilerplateApplication.class]
21:29:36.920 [Test worker] INFO org.springframework.boot.test.context.SpringBootTestContextBootstrapper - Found @SpringBootConfiguration com.example.boilerplate.BoilerplateApplication for test class com.example.boilerplate.BoilerplateApplicationTests
21:29:37.047 [Test worker] DEBUG org.springframework.boot.test.context.SpringBootTestContextBootstrapper - @TestExecutionListeners is not present for class [com.example.boilerplate.BoilerplateApplicationTests]: using defaults.
21:29:37.048 [Test worker] INFO org.springframework.boot.test.context.SpringBootTestContextBootstrapper - Loaded default TestExecutionListener class names from location [META-INF/spring.factories]: [org.springframework.boot.test.autoconfigure.restdocs.RestDocsTestExecutionListener, org.springframework.boot.test.autoconfigure.web.client.MockRestServiceServerResetTestExecutionListener, org.springframework.boot.test.autoconfigure.web.servlet.MockMvcPrintOnlyOnFailureTestExecutionListener, org.springframework.boot.test.autoconfigure.web.servlet.WebDriverTestExecutionListener, org.springframework.boot.test.autoconfigure.webservices.client.MockWebServiceServerTestExecutionListener, org.springframework.boot.test.mock.mockito.MockitoTestExecutionListener, org.springframework.boot.test.mock.mockito.ResetMocksTestExecutionListener, org.springframework.test.context.web.ServletTestExecutionListener, org.springframework.test.context.support.DirtiesContextBeforeModesTestExecutionListener, org.springframework.test.context.event.ApplicationEventsTestExecutionListener, org.springframework.test.context.support.DependencyInjectionTestExecutionListener, org.springframework.test.context.support.DirtiesContextTestExecutionListener, org.springframework.test.context.transaction.TransactionalTestExecutionListener, org.springframework.test.context.jdbc.SqlScriptsTestExecutionListener, org.springframework.test.context.event.EventPublishingTestExecutionListener]
21:29:37.070 [Test worker] INFO org.springframework.boot.test.context.SpringBootTestContextBootstrapper - Using TestExecutionListeners: [org.springframework.test.context.web.ServletTestExecutionListener@3a80515c, org.springframework.test.context.support.DirtiesContextBeforeModesTestExecutionListener@547e29a4, org.springframework.test.context.event.ApplicationEventsTestExecutionListener@1c807b1d, org.springframework.boot.test.mock.mockito.MockitoTestExecutionListener@238b521e, org.springframework.boot.test.autoconfigure.SpringBootDependencyInjectionTestExecutionListener@1b39fd82, org.springframework.test.context.support.DirtiesContextTestExecutionListener@3e2fc448, org.springframework.test.context.transaction.TransactionalTestExecutionListener@21680803, org.springframework.test.context.jdbc.SqlScriptsTestExecutionListener@588ab592, org.springframework.test.context.event.EventPublishingTestExecutionListener@c8b96ec, org.springframework.boot.test.autoconfigure.restdocs.RestDocsTestExecutionListener@4cc61eb1, org.springframework.boot.test.autoconfigure.web.client.MockRestServiceServerResetTestExecutionListener@2d8f2f3a, org.springframework.boot.test.autoconfigure.web.servlet.MockMvcPrintOnlyOnFailureTestExecutionListener@2024293c, org.springframework.boot.test.autoconfigure.web.servlet.WebDriverTestExecutionListener@7048f722, org.springframework.boot.test.autoconfigure.webservices.client.MockWebServiceServerTestExecutionListener@c074c0c, org.springframework.boot.test.mock.mockito.ResetMocksTestExecutionListener@58a55449]
21:29:37.075 [Test worker] DEBUG org.springframework.test.context.support.AbstractDirtiesContextTestExecutionListener - Before test class: context [DefaultTestContext@29d2d081 testClass = BoilerplateApplicationTests, testInstance = [null], testMethod = [null], testException = [null], mergedContextConfiguration = [WebMergedContextConfiguration@40e4ea87 testClass = BoilerplateApplicationTests, locations = '{}', classes = '{class com.example.boilerplate.BoilerplateApplication}', contextInitializerClasses = '[]', activeProfiles = '{}', propertySourceLocations = '{}', propertySourceProperties = '{org.springframework.boot.test.context.SpringBootTestContextBootstrapper=true}', contextCustomizers = set[org.springframework.boot.test.autoconfigure.actuate.metrics.MetricsExportContextCustomizerFactory$DisableMetricExportContextCustomizer@3382f8ae, org.springframework.boot.test.autoconfigure.properties.PropertyMappingContextCustomizer@0, org.springframework.boot.test.autoconfigure.web.servlet.WebDriverContextCustomizerFactory$Customizer@7e928e2f, org.springframework.boot.test.context.filter.ExcludeFilterContextCustomizer@1698ee84, org.springframework.boot.test.json.DuplicateJsonObjectContextCustomizerFactory$DuplicateJsonObjectContextCustomizer@42e3ede4, org.springframework.boot.test.mock.mockito.MockitoContextCustomizer@0, org.springframework.boot.test.web.client.TestRestTemplateContextCustomizer@72cf2de5, org.springframework.boot.test.context.SpringBootTestArgs@1, org.springframework.boot.test.context.SpringBootTestWebEnvironment@1ec9bd38], resourceBasePath = 'src/main/webapp', contextLoader = 'org.springframework.boot.test.context.SpringBootContextLoader', parent = [null]], attributes = map['org.springframework.test.context.web.ServletTestExecutionListener.activateListener' -> true]], class annotated with @DirtiesContext [false] with mode [null].

  .   ____          _            __ _ _
 /\\ / ___'_ __ _ _(_)_ __  __ _ \ \ \ \
( ( )\___ | '_ | '_| | '_ \/ _` | \ \ \ \
 \\/  ___)| |_)| | | | | || (_| |  ) ) ) )
  '  |____| .__|_| |_|_| |_\__, | / / / /
 =========|_|==============|___/=/_/_/_/
 :: Spring Boot ::               (v2.7.12)

2023-06-07 21:29:37.591  INFO 17660 --- [    Test worker] c.e.b.BoilerplateApplicationTests        : Starting BoilerplateApplicationTests using Java 11.0.18 on Admin with PID 17660 (started by 94760 in E:\github\P0001-React-Spring-boot-MySQL-Boilerplate)
2023-06-07 21:29:37.594  INFO 17660 --- [    Test worker] c.e.b.BoilerplateApplicationTests        : No active profile set, falling back to 1 default profile: "default"
2023-06-07 21:29:38.837  INFO 17660 --- [    Test worker] .s.d.r.c.RepositoryConfigurationDelegate : Bootstrapping Spring Data JPA repositories in DEFAULT mode.
2023-06-07 21:29:38.918  INFO 17660 --- [    Test worker] .s.d.r.c.RepositoryConfigurationDelegate : Finished Spring Data repository scanning in 67 ms. Found 1 JPA repository interfaces.
2023-06-07 21:29:39.583  INFO 17660 --- [    Test worker] com.zaxxer.hikari.HikariDataSource       : HikariPool-1 - Starting...
2023-06-07 21:29:42.638  INFO 17660 --- [    Test worker] com.zaxxer.hikari.HikariDataSource       : HikariPool-1 - Start completed.
2023-06-07 21:29:42.732  INFO 17660 --- [    Test worker] o.hibernate.jpa.internal.util.LogHelper  : HHH000204: Processing PersistenceUnitInfo [name: default]
2023-06-07 21:29:42.800  INFO 17660 --- [    Test worker] org.hibernate.Version                    : HHH000412: Hibernate ORM core version 5.6.15.Final
2023-06-07 21:29:43.048  INFO 17660 --- [    Test worker] o.hibernate.annotations.common.Version   : HCANN000001: Hibernate Commons Annotations {5.1.2.Final}
2023-06-07 21:29:43.511  INFO 17660 --- [    Test worker] org.hibernate.dialect.Dialect            : HHH000400: Using dialect: org.hibernate.dialect.MySQL8Dialect
2023-06-07 21:29:44.170  INFO 17660 --- [    Test worker] o.h.e.t.j.p.i.JtaPlatformInitiator       : HHH000490: Using JtaPlatform implementation: [org.hibernate.engine.transaction.jta.platform.internal.NoJtaPlatform]
2023-06-07 21:29:44.180  INFO 17660 --- [    Test worker] j.LocalContainerEntityManagerFactoryBean : Initialized JPA EntityManagerFactory for persistence unit 'default'
2023-06-07 21:29:44.977  WARN 17660 --- [    Test worker] JpaBaseConfiguration$JpaWebConfiguration : spring.jpa.open-in-view is enabled by default. Therefore, database queries may be performed during view rendering. Explicitly configure spring.jpa.open-in-view to disable this warning
2023-06-07 21:29:45.856  INFO 17660 --- [    Test worker] c.e.b.BoilerplateApplicationTests        : Started BoilerplateApplicationTests in 8.736 seconds (JVM running for 10.922)
]]></system-out>
  <system-err><![CDATA[]]></system-err>
</testsuite>
